<!DOCTYPE html>

<html>
  <head>
  <meta charset='utf-8'>
  <title>TestNG reports</title>

    <link type="text/css" href="testng-reports1.css" rel="stylesheet" id="ultra" />
    <link type="text/css" href="testng-reports.css" rel="stylesheet" id="retro" disabled="false"/>
    <script type="text/javascript" src="jquery.min.js"></script>
    <script type="text/javascript" src="testng-reports.js"></script>
    <script type="text/javascript" src="https://www.google.com/jsapi"></script>
    <script type='text/javascript'>
      google.load('visualization', '1', {packages:['table']});
      google.setOnLoadCallback(drawTable);
      var suiteTableInitFunctions = new Array();
      var suiteTableData = new Array();
    </script>
    <!--
      <script type="text/javascript" src="jquery-ui/js/jquery-ui-1.8.16.custom.min.js"></script>
     -->
  </head>

  <body>
    <div class="top-banner-root">
      <span class="top-banner-title-font">Test results</span>
      <button id="button" class="button">Switch Retro Theme</button> <!-- button -->
      <br/>
      <span class="top-banner-font-1">1 suite, 4 failed tests</span>
    </div> <!-- top-banner-root -->
    <div class="navigator-root">
      <div class="navigator-suite-header">
        <span>All suites</span>
        <a href="#" title="Collapse/expand all the suites" class="collapse-all-link">
          <img src="collapseall.gif" class="collapse-all-icon">
          </img> <!-- collapse-all-icon -->
        </a> <!-- collapse-all-link -->
      </div> <!-- navigator-suite-header -->
      <div class="suite">
        <div class="rounded-window">
          <div class="suite-header light-rounded-window-top">
            <a href="#" panel-name="suite-amazon" class="navigator-link">
              <span class="suite-name border-failed">amazon</span>
            </a> <!-- navigator-link -->
          </div> <!-- suite-header light-rounded-window-top -->
          <div class="navigator-suite-content">
            <div class="suite-section-title">
              <span>Info</span>
            </div> <!-- suite-section-title -->
            <div class="suite-section-content">
              <ul>
                <li>
                  <a href="#" panel-name="test-xml-amazon" class="navigator-link ">
                    <span>amazon-signup-testplan.xml</span>
                  </a> <!-- navigator-link  -->
                </li>
                <li>
                  <a href="#" panel-name="testlist-amazon" class="navigator-link ">
                    <span class="test-stats">2 tests</span>
                  </a> <!-- navigator-link  -->
                </li>
                <li>
                  <a href="#" panel-name="group-amazon" class="navigator-link ">
                    <span>0 groups</span>
                  </a> <!-- navigator-link  -->
                </li>
                <li>
                  <a href="#" panel-name="times-amazon" class="navigator-link ">
                    <span>Times</span>
                  </a> <!-- navigator-link  -->
                </li>
                <li>
                  <a href="#" panel-name="reporter-amazon" class="navigator-link ">
                    <span>Reporter output</span>
                  </a> <!-- navigator-link  -->
                </li>
                <li>
                  <a href="#" panel-name="ignored-methods-amazon" class="navigator-link ">
                    <span>Ignored methods</span>
                  </a> <!-- navigator-link  -->
                </li>
                <li>
                  <a href="#" panel-name="chronological-amazon" class="navigator-link ">
                    <span>Chronological view</span>
                  </a> <!-- navigator-link  -->
                </li>
              </ul>
            </div> <!-- suite-section-content -->
            <div class="result-section">
              <div class="suite-section-title">
                <span>Results</span>
              </div> <!-- suite-section-title -->
              <div class="suite-section-content">
                <ul>
                  <li>
                    <span class="method-stats">6 methods, 4 failed,   2 passed</span>
                  </li>
                  <li>
                    <span class="method-list-title failed">Failed methods</span>
                    <span class="show-or-hide-methods failed">
                      <a href="#" panel-name="suite-amazon" class="hide-methods failed suite-amazon"> (hide)</a> <!-- hide-methods failed suite-amazon -->
                      <a href="#" panel-name="suite-amazon" class="show-methods failed suite-amazon"> (show)</a> <!-- show-methods failed suite-amazon -->
                    </span>
                    <div class="method-list-content failed suite-amazon">
                      <span>
                        <img src="failed.png" width="3%"/>
                        <a href="#" panel-name="suite-amazon" title="testsuite.amazon.SingUpTest" class="method navigator-link" hash-for-method="createAccoutTest(KrystalMcLaughlin, ihrt53@gmail.com1, 5b93859t14, 5b93859t14, 2)">createAccoutTest(KrystalMcLaughlin, ihrt53@gmail.com1, 5b93859t14, 5b93859t14, 2)</a> <!-- method navigator-link -->
                      </span>
                      <br/>
                      <span>
                        <img src="failed.png" width="3%"/>
                        <a href="#" panel-name="suite-amazon" title="testsuite.amazon.SingUpTest" class="method navigator-link" hash-for-method="createAccoutTest(KamronDickens, rman07@gmail.com1, l3ewf5454p, l3ewf5454p, 2)">createAccoutTest(KamronDickens, rman07@gmail.com1, l3ewf5454p, l3ewf5454p, 2)</a> <!-- method navigator-link -->
                      </span>
                      <br/>
                      <span>
                        <img src="failed.png" width="3%"/>
                        <a href="#" panel-name="suite-amazon" title="testsuite.amazon.SingUpTest" class="method navigator-link" hash-for-method="createAccoutTest(ThomasJerde, vvuj61@gmail.com, l3ewf5454p, l3ewf5454p12, 3)">createAccoutTest(ThomasJerde, vvuj61@gmail.com, l3ewf5454p, l3ewf5454p12, 3)</a> <!-- method navigator-link -->
                      </span>
                      <br/>
                      <span>
                        <img src="failed.png" width="3%"/>
                        <a href="#" panel-name="suite-amazon" title="testsuite.amazon.SingUpTest" class="method navigator-link" hash-for-method="createAccoutTest(LewKeebler, tndp25@gmail.com, l3ewf5454p, l3ewf5454p, 1)">createAccoutTest(LewKeebler, tndp25@gmail.com, l3ewf5454p, l3ewf5454p, 1)</a> <!-- method navigator-link -->
                      </span>
                      <br/>
                    </div> <!-- method-list-content failed suite-amazon -->
                  </li>
                  <li>
                    <span class="method-list-title passed">Passed methods</span>
                    <span class="show-or-hide-methods passed">
                      <a href="#" panel-name="suite-amazon" class="hide-methods passed suite-amazon"> (hide)</a> <!-- hide-methods passed suite-amazon -->
                      <a href="#" panel-name="suite-amazon" class="show-methods passed suite-amazon"> (show)</a> <!-- show-methods passed suite-amazon -->
                    </span>
                    <div class="method-list-content passed suite-amazon">
                      <span>
                        <img src="passed.png" width="3%"/>
                        <a href="#" panel-name="suite-amazon" title="testsuite.amazon.SingUpTest" class="method navigator-link" hash-for-method="createAccoutTest(JudgeJones, xumz06@gmail.com, 5b93859t14, 5b93859t14, 1)">createAccoutTest(JudgeJones, xumz06@gmail.com, 5b93859t14, 5b93859t14, 1)</a> <!-- method navigator-link -->
                      </span>
                      <br/>
                      <span>
                        <img src="passed.png" width="3%"/>
                        <a href="#" panel-name="suite-amazon" title="testsuite.amazon.SingUpTest" class="method navigator-link" hash-for-method="createAccoutTest(ElnoraBarrows, yhux77@gmail.com, 5b93859t14, 5b93859t1412, 3)">createAccoutTest(ElnoraBarrows, yhux77@gmail.com, 5b93859t14, 5b93859t1412, 3)</a> <!-- method navigator-link -->
                      </span>
                      <br/>
                    </div> <!-- method-list-content passed suite-amazon -->
                  </li>
                </ul>
              </div> <!-- suite-section-content -->
            </div> <!-- result-section -->
          </div> <!-- navigator-suite-content -->
        </div> <!-- rounded-window -->
      </div> <!-- suite -->
    </div> <!-- navigator-root -->
    <div class="wrapper">
      <div class="main-panel-root">
        <div panel-name="suite-amazon" class="panel amazon">
          <div class="suite-amazon-class-failed">
            <div class="main-panel-header rounded-window-top">
              <img src="failed.png"/>
              <span class="class-name">testsuite.amazon.SingUpTest</span>
            </div> <!-- main-panel-header rounded-window-top -->
            <div class="main-panel-content rounded-window-bottom">
              <div class="method">
                <div class="method-content">
                  <a name="createAccoutTest(KrystalMcLaughlin, ihrt53@gmail.com1, 5b93859t14, 5b93859t14, 2)">
                  </a> <!-- createAccoutTest(KrystalMcLaughlin, ihrt53@gmail.com1, 5b93859t14, 5b93859t14, 2) -->
                  <span class="method-name">createAccoutTest</span>
                  <span class="parameters">(KrystalMcLaughlin, ihrt53@gmail.com1, 5b93859t14, 5b93859t14, 2)</span>
                  <div class="stack-trace">org.openqa.selenium.NoSuchElementException: no such element: Unable to locate element: {&quot;method&quot;:&quot;xpath&quot;,&quot;selector&quot;:&quot;//div[contains(text(),&apos;Wrong or Invalid email address or mobile phone number&apos;)]&quot;}
  (Session info: chrome=100.0.4896.127)
For documentation on this error, please visit: https://selenium.dev/exceptions/#no_such_element
Build info: version: &apos;4.1.2&apos;, revision: &apos;9a5a329c5a&apos;
System info: host: &apos;Duys-Mac-mini.local&apos;, ip: &apos;127.0.0.1&apos;, os.name: &apos;Mac OS X&apos;, os.arch: &apos;x86_64&apos;, os.version: &apos;11.6.1&apos;, java.version: &apos;17.0.2&apos;
Driver info: org.openqa.selenium.chrome.ChromeDriver
Command: [1304212e711ed6b6a0d614f5d83314a1, findElement {using=xpath, value=//div[contains(text(),&apos;Wrong or Invalid email address or mobile phone number&apos;)]}]
Capabilities {acceptInsecureCerts: false, browserName: chrome, browserVersion: 100.0.4896.127, chrome: {chromedriverVersion: 100.0.4896.60 (6a5d10861ce8..., userDataDir: /var/folders/27/k0322n7j54j...}, goog:chromeOptions: {debuggerAddress: localhost:52574}, javascriptEnabled: true, networkConnectionEnabled: false, pageLoadStrategy: normal, platform: MAC, platformName: MAC, proxy: Proxy(), se:cdp: ws://localhost:52574/devtoo..., se:cdpVersion: 100.0.4896.127, setWindowRect: true, strictFileInteractability: false, timeouts: {implicit: 0, pageLoad: 300000, script: 30000}, unhandledPromptBehavior: dismiss and notify, webauthn:extension:credBlob: true, webauthn:extension:largeBlob: true, webauthn:virtualAuthenticators: true}
Session ID: 1304212e711ed6b6a0d614f5d83314a1
	at org.openqa.selenium.remote.codec.w3c.W3CHttpResponseCodec.createException(W3CHttpResponseCodec.java:200)
	at org.openqa.selenium.remote.codec.w3c.W3CHttpResponseCodec.decode(W3CHttpResponseCodec.java:133)
	at org.openqa.selenium.remote.codec.w3c.W3CHttpResponseCodec.decode(W3CHttpResponseCodec.java:53)
	at org.openqa.selenium.remote.HttpCommandExecutor.execute(HttpCommandExecutor.java:184)
	at org.openqa.selenium.remote.service.DriverCommandExecutor.invokeExecute(DriverCommandExecutor.java:167)
	at org.openqa.selenium.remote.service.DriverCommandExecutor.execute(DriverCommandExecutor.java:142)
	at org.openqa.selenium.remote.RemoteWebDriver.execute(RemoteWebDriver.java:558)
	at org.openqa.selenium.remote.ElementLocation$ElementFinder$2.findElement(ElementLocation.java:162)
	at org.openqa.selenium.remote.ElementLocation.findElement(ElementLocation.java:60)
	at org.openqa.selenium.remote.RemoteWebDriver.findElement(RemoteWebDriver.java:382)
	at org.openqa.selenium.remote.RemoteWebDriver.findElement(RemoteWebDriver.java:374)
	at page.amazon.SignUpPage.IsDisplayedMsg(SignUpPage.java:45)
	at testsuite.amazon.SingUpTest.createAccoutTest(SingUpTest.java:45)
	at java.base/java.util.ArrayList.forEach(ArrayList.java:1511)
... Removed 36 stack frames
</div> <!-- stack-trace -->
                </div> <!-- method-content -->
              </div> <!-- method -->
              <div class="method">
                <div class="method-content">
                  <a name="createAccoutTest(KamronDickens, rman07@gmail.com1, l3ewf5454p, l3ewf5454p, 2)">
                  </a> <!-- createAccoutTest(KamronDickens, rman07@gmail.com1, l3ewf5454p, l3ewf5454p, 2) -->
                  <span class="method-name">createAccoutTest</span>
                  <span class="parameters">(KamronDickens, rman07@gmail.com1, l3ewf5454p, l3ewf5454p, 2)</span>
                  <div class="stack-trace">java.lang.AssertionError: expected [true] but found [false]
	at testsuite.amazon.SingUpTest.createAccoutTest(SingUpTest.java:45)
	at java.base/java.util.ArrayList.forEach(ArrayList.java:1511)
... Removed 35 stack frames
</div> <!-- stack-trace -->
                </div> <!-- method-content -->
              </div> <!-- method -->
              <div class="method">
                <div class="method-content">
                  <a name="createAccoutTest(ThomasJerde, vvuj61@gmail.com, l3ewf5454p, l3ewf5454p12, 3)">
                  </a> <!-- createAccoutTest(ThomasJerde, vvuj61@gmail.com, l3ewf5454p, l3ewf5454p12, 3) -->
                  <span class="method-name">createAccoutTest</span>
                  <span class="parameters">(ThomasJerde, vvuj61@gmail.com, l3ewf5454p, l3ewf5454p12, 3)</span>
                  <div class="stack-trace">java.lang.AssertionError: expected [true] but found [false]
	at testsuite.amazon.SingUpTest.createAccoutTest(SingUpTest.java:45)
	at java.base/java.util.ArrayList.forEach(ArrayList.java:1511)
... Removed 35 stack frames
</div> <!-- stack-trace -->
                </div> <!-- method-content -->
              </div> <!-- method -->
              <div class="method">
                <div class="method-content">
                  <a name="createAccoutTest(LewKeebler, tndp25@gmail.com, l3ewf5454p, l3ewf5454p, 1)">
                  </a> <!-- createAccoutTest(LewKeebler, tndp25@gmail.com, l3ewf5454p, l3ewf5454p, 1) -->
                  <span class="method-name">createAccoutTest</span>
                  <span class="parameters">(LewKeebler, tndp25@gmail.com, l3ewf5454p, l3ewf5454p, 1)</span>
                  <div class="stack-trace">org.openqa.selenium.NoSuchElementException: For documentation on this error, please visit: https://selenium.dev/exceptions/#no_such_element
Build info: version: &apos;4.1.2&apos;, revision: &apos;9a5a329c5a&apos;
System info: host: &apos;Duys-Mac-mini.local&apos;, ip: &apos;127.0.0.1&apos;, os.name: &apos;Mac OS X&apos;, os.arch: &apos;x86_64&apos;, os.version: &apos;11.6.1&apos;, java.version: &apos;17.0.2&apos;
Driver info: org.openqa.selenium.safari.SafariDriver
Command: [D2857E0E-7900-43CA-AEB0-AB422C001546, findElement {using=xpath, value=//span[text()=&apos;Solve this puzzle to protect your account&apos;]}]
Capabilities {acceptInsecureCerts: false, browserName: Safari, browserVersion: 14.1.2, javascriptEnabled: true, platform: MAC, platformName: MAC, safari:automaticInspection: false, safari:automaticProfiling: false, safari:diagnose: false, safari:platformBuildVersion: 20G224, safari:platformVersion: 11.6.1, safari:useSimulator: false, setWindowRect: true, strictFileInteractability: false, webkit:WebRTC: {DisableICECandidateFiltering: false, DisableInsecureMediaCapture: false}}
Session ID: D2857E0E-7900-43CA-AEB0-AB422C001546
	at org.openqa.selenium.remote.codec.w3c.W3CHttpResponseCodec.createException(W3CHttpResponseCodec.java:200)
	at org.openqa.selenium.remote.codec.w3c.W3CHttpResponseCodec.decode(W3CHttpResponseCodec.java:133)
	at org.openqa.selenium.remote.codec.w3c.W3CHttpResponseCodec.decode(W3CHttpResponseCodec.java:53)
	at org.openqa.selenium.remote.HttpCommandExecutor.execute(HttpCommandExecutor.java:184)
	at org.openqa.selenium.remote.service.DriverCommandExecutor.invokeExecute(DriverCommandExecutor.java:167)
	at org.openqa.selenium.remote.service.DriverCommandExecutor.execute(DriverCommandExecutor.java:142)
	at org.openqa.selenium.remote.RemoteWebDriver.execute(RemoteWebDriver.java:558)
	at org.openqa.selenium.remote.ElementLocation$ElementFinder$2.findElement(ElementLocation.java:162)
	at org.openqa.selenium.remote.ElementLocation.findElement(ElementLocation.java:60)
	at org.openqa.selenium.remote.RemoteWebDriver.findElement(RemoteWebDriver.java:382)
	at org.openqa.selenium.remote.RemoteWebDriver.findElement(RemoteWebDriver.java:374)
	at page.amazon.SignUpPage.IsDisplayedMsg(SignUpPage.java:43)
	at testsuite.amazon.SingUpTest.createAccoutTest(SingUpTest.java:45)
	at java.base/java.util.ArrayList.forEach(ArrayList.java:1511)
... Removed 36 stack frames
</div> <!-- stack-trace -->
                </div> <!-- method-content -->
              </div> <!-- method -->
            </div> <!-- main-panel-content rounded-window-bottom -->
          </div> <!-- suite-amazon-class-failed -->
          <div class="suite-amazon-class-passed">
            <div class="main-panel-header rounded-window-top">
              <img src="passed.png"/>
              <span class="class-name">testsuite.amazon.SingUpTest</span>
            </div> <!-- main-panel-header rounded-window-top -->
            <div class="main-panel-content rounded-window-bottom">
              <div class="method">
                <div class="method-content">
                  <a name="createAccoutTest(JudgeJones, xumz06@gmail.com, 5b93859t14, 5b93859t14, 1)">
                  </a> <!-- createAccoutTest(JudgeJones, xumz06@gmail.com, 5b93859t14, 5b93859t14, 1) -->
                  <span class="method-name">createAccoutTest</span>
                  <span class="parameters">(JudgeJones, xumz06@gmail.com, 5b93859t14, 5b93859t14, 1)</span>
                </div> <!-- method-content -->
              </div> <!-- method -->
              <div class="method">
                <div class="method-content">
                  <a name="createAccoutTest(ElnoraBarrows, yhux77@gmail.com, 5b93859t14, 5b93859t1412, 3)">
                  </a> <!-- createAccoutTest(ElnoraBarrows, yhux77@gmail.com, 5b93859t14, 5b93859t1412, 3) -->
                  <span class="method-name">createAccoutTest</span>
                  <span class="parameters">(ElnoraBarrows, yhux77@gmail.com, 5b93859t14, 5b93859t1412, 3)</span>
                </div> <!-- method-content -->
              </div> <!-- method -->
            </div> <!-- main-panel-content rounded-window-bottom -->
          </div> <!-- suite-amazon-class-passed -->
        </div> <!-- panel amazon -->
        <div panel-name="test-xml-amazon" class="panel">
          <div class="main-panel-header rounded-window-top">
            <span class="header-content">/Users/duynguyenquang/AK35/amazon-signup-testplan.xml</span>
          </div> <!-- main-panel-header rounded-window-top -->
          <div class="main-panel-content rounded-window-bottom">
            <pre>
&lt;?xml version=&quot;1.0&quot; encoding=&quot;UTF-8&quot;?&gt;
&lt;!DOCTYPE suite SYSTEM &quot;https://testng.org/testng-1.0.dtd&quot;&gt;
&lt;suite name=&quot;amazon&quot; verbose=&quot;0&quot;&gt;
  &lt;test thread-count=&quot;5&quot; name=&quot;create account - chrome&quot; verbose=&quot;0&quot;&gt;
    &lt;parameter name=&quot;browser&quot; value=&quot;chrome&quot;/&gt;
    &lt;classes&gt;
      &lt;class name=&quot;testsuite.amazon.SingUpTest&quot;/&gt;
    &lt;/classes&gt;
  &lt;/test&gt; &lt;!-- create account - chrome --&gt;
  &lt;test thread-count=&quot;5&quot; name=&quot;create account - safari&quot; verbose=&quot;0&quot;&gt;
    &lt;parameter name=&quot;browser&quot; value=&quot;safari&quot;/&gt;
    &lt;classes&gt;
      &lt;class name=&quot;testsuite.amazon.SingUpTest&quot;/&gt;
    &lt;/classes&gt;
  &lt;/test&gt; &lt;!-- create account - safari --&gt;
&lt;/suite&gt; &lt;!-- amazon --&gt;
            </pre>
          </div> <!-- main-panel-content rounded-window-bottom -->
        </div> <!-- panel -->
        <div panel-name="testlist-amazon" class="panel">
          <div class="main-panel-header rounded-window-top">
            <span class="header-content">Tests for amazon</span>
          </div> <!-- main-panel-header rounded-window-top -->
          <div class="main-panel-content rounded-window-bottom">
            <ul>
              <li>
                <span class="test-name">create account - chrome (1 class)</span>
              </li>
              <li>
                <span class="test-name">create account - safari (1 class)</span>
              </li>
            </ul>
          </div> <!-- main-panel-content rounded-window-bottom -->
        </div> <!-- panel -->
        <div panel-name="group-amazon" class="panel">
          <div class="main-panel-header rounded-window-top">
            <span class="header-content">Groups for amazon</span>
          </div> <!-- main-panel-header rounded-window-top -->
          <div class="main-panel-content rounded-window-bottom">
          </div> <!-- main-panel-content rounded-window-bottom -->
        </div> <!-- panel -->
        <div panel-name="times-amazon" class="panel">
          <div class="main-panel-header rounded-window-top">
            <span class="header-content">Times for amazon</span>
          </div> <!-- main-panel-header rounded-window-top -->
          <div class="main-panel-content rounded-window-bottom">
            <div class="times-div">
              <script type="text/javascript">
suiteTableInitFunctions.push('tableData_amazon');
function tableData_amazon() {
var data = new google.visualization.DataTable();
data.addColumn('number', 'Number');
data.addColumn('string', 'Method');
data.addColumn('string', 'Class');
data.addColumn('number', 'Time (ms)');
data.addRows(6);
data.setCell(0, 0, 0)
data.setCell(0, 1, 'createAccoutTest')
data.setCell(0, 2, 'testsuite.amazon.SingUpTest')
data.setCell(0, 3, 9291);
data.setCell(1, 0, 1)
data.setCell(1, 1, 'createAccoutTest')
data.setCell(1, 2, 'testsuite.amazon.SingUpTest')
data.setCell(1, 3, 2753);
data.setCell(2, 0, 2)
data.setCell(2, 1, 'createAccoutTest')
data.setCell(2, 2, 'testsuite.amazon.SingUpTest')
data.setCell(2, 3, 2629);
data.setCell(3, 0, 3)
data.setCell(3, 1, 'createAccoutTest')
data.setCell(3, 2, 'testsuite.amazon.SingUpTest')
data.setCell(3, 3, 1828);
data.setCell(4, 0, 4)
data.setCell(4, 1, 'createAccoutTest')
data.setCell(4, 2, 'testsuite.amazon.SingUpTest')
data.setCell(4, 3, 1778);
data.setCell(5, 0, 5)
data.setCell(5, 1, 'createAccoutTest')
data.setCell(5, 2, 'testsuite.amazon.SingUpTest')
data.setCell(5, 3, 1475);
window.suiteTableData['amazon']= { tableData: data, tableDiv: 'times-div-amazon'}
return data;
}
              </script>
              <span class="suite-total-time">Total running time: 19 seconds</span>
              <div id="times-div-amazon">
              </div> <!-- times-div-amazon -->
            </div> <!-- times-div -->
          </div> <!-- main-panel-content rounded-window-bottom -->
        </div> <!-- panel -->
        <div panel-name="reporter-amazon" class="panel">
          <div class="main-panel-header rounded-window-top">
            <span class="header-content">Reporter output for amazon</span>
          </div> <!-- main-panel-header rounded-window-top -->
          <div class="main-panel-content rounded-window-bottom">
          </div> <!-- main-panel-content rounded-window-bottom -->
        </div> <!-- panel -->
        <div panel-name="ignored-methods-amazon" class="panel">
          <div class="main-panel-header rounded-window-top">
            <span class="header-content">0 ignored methods</span>
          </div> <!-- main-panel-header rounded-window-top -->
          <div class="main-panel-content rounded-window-bottom">
          </div> <!-- main-panel-content rounded-window-bottom -->
        </div> <!-- panel -->
        <div panel-name="chronological-amazon" class="panel">
          <div class="main-panel-header rounded-window-top">
            <span class="header-content">Methods in chronological order</span>
          </div> <!-- main-panel-header rounded-window-top -->
          <div class="main-panel-content rounded-window-bottom">
            <div class="chronological-class">
              <div class="chronological-class-name">testsuite.amazon.SingUpTest</div> <!-- chronological-class-name -->
              <div class="configuration-class before">
                <span class="method-name">setup(chrome)</span>
                <span class="method-start">0 ms</span>
              </div> <!-- configuration-class before -->
              <div class="test-method">
                <span class="method-name">createAccoutTest(JudgeJones, xumz06@gmail.com, 5b93859t14, 5b93859t14, 1)</span>
                <span class="method-start">13227 ms</span>
              </div> <!-- test-method -->
              <div class="configuration-method after">
                <span class="method-name">tearDown([TestResult name=createAccoutTest status=SUCCESS method=SingUpTest.createAccoutTest(java.lang.String...)</span>
                <span class="method-start">22521 ms</span>
              </div> <!-- configuration-method after -->
              <div class="test-method">
                <img src="failed.png">
                </img>
                <span class="method-name">createAccoutTest(KrystalMcLaughlin, ihrt53@gmail.com1, 5b93859t14, 5b93859t14, 2)</span>
                <span class="method-start">22525 ms</span>
              </div> <!-- test-method -->
              <div class="configuration-method after">
                <span class="method-name">tearDown([TestResult name=createAccoutTest status=FAILURE method=SingUpTest.createAccoutTest(java.lang.String...)</span>
                <span class="method-start">25177 ms</span>
              </div> <!-- configuration-method after -->
              <div class="test-method">
                <span class="method-name">createAccoutTest(ElnoraBarrows, yhux77@gmail.com, 5b93859t14, 5b93859t1412, 3)</span>
                <span class="method-start">25385 ms</span>
              </div> <!-- test-method -->
              <div class="configuration-method after">
                <span class="method-name">tearDown([TestResult name=createAccoutTest status=SUCCESS method=SingUpTest.createAccoutTest(java.lang.String...)</span>
                <span class="method-start">26861 ms</span>
              </div> <!-- configuration-method after -->
              <div class="configuration-class after">
                <span class="method-name">cleanUp</span>
                <span class="method-start">26864 ms</span>
              </div> <!-- configuration-class after -->
              <div class="configuration-class before">
                <span class="method-name">setup(safari)</span>
                <span class="method-start">27006 ms</span>
              </div> <!-- configuration-class before -->
              <div class="test-method">
                <img src="failed.png">
                </img>
                <span class="method-name">createAccoutTest(LewKeebler, tndp25@gmail.com, l3ewf5454p, l3ewf5454p, 1)</span>
                <span class="method-start">28562 ms</span>
              </div> <!-- test-method -->
              <div class="configuration-method after">
                <span class="method-name">tearDown([TestResult name=createAccoutTest status=FAILURE method=SingUpTest.createAccoutTest(java.lang.String...)</span>
                <span class="method-start">31320 ms</span>
              </div> <!-- configuration-method after -->
              <div class="test-method">
                <img src="failed.png">
                </img>
                <span class="method-name">createAccoutTest(KamronDickens, rman07@gmail.com1, l3ewf5454p, l3ewf5454p, 2)</span>
                <span class="method-start">31349 ms</span>
              </div> <!-- test-method -->
              <div class="configuration-method after">
                <span class="method-name">tearDown([TestResult name=createAccoutTest status=FAILURE method=SingUpTest.createAccoutTest(java.lang.String...)</span>
                <span class="method-start">33178 ms</span>
              </div> <!-- configuration-method after -->
              <div class="test-method">
                <img src="failed.png">
                </img>
                <span class="method-name">createAccoutTest(ThomasJerde, vvuj61@gmail.com, l3ewf5454p, l3ewf5454p12, 3)</span>
                <span class="method-start">33204 ms</span>
              </div> <!-- test-method -->
              <div class="configuration-method after">
                <span class="method-name">tearDown([TestResult name=createAccoutTest status=FAILURE method=SingUpTest.createAccoutTest(java.lang.String...)</span>
                <span class="method-start">34992 ms</span>
              </div> <!-- configuration-method after -->
              <div class="configuration-class after">
                <span class="method-name">cleanUp</span>
                <span class="method-start">35017 ms</span>
              </div> <!-- configuration-class after -->
          </div> <!-- main-panel-content rounded-window-bottom -->
        </div> <!-- panel -->
      </div> <!-- main-panel-root -->
    </div> <!-- wrapper -->
  </body>
<script type="text/javascript" src="testng-reports2.js"></script>
</html>
